[ 2015-07-06T08:59:52+08:00 ] 127.0.0.1 /index.php?g=&m=public&a=dologin
INFO: [ app_begin ] --START--
INFO: Run Behavior\ReadHtmlCacheBehavior [ RunTime:0.000000s ]
INFO: Run Behavior\CheckLangBehavior [ RunTime:0.001000s ]
INFO: [ app_begin ] --END-- [ RunTime:0.002000s ]
NOTIC: [8] A session had already been started - ignoring session_start() D:\WWW\oa\simplewind\Core\Common\functions.php 第 1261 行.
SQL: SHOW COLUMNS FROM `oa_users` [ RunTime:0.0020s ]
SQL: SELECT * FROM `oa_users` WHERE `user_login` = 'admin' AND ( `user_status` <> 'E11' AND `user_status` <> 'E21' AND `user_status` <> 'E3'  ) LIMIT 1   [ RunTime:0.0000s ]
NOTIC: D方法实例化没找到模型类Common\Model\RoleUserModel
SQL: SHOW COLUMNS FROM `oa_role_user` [ RunTime:0.0020s ]
SQL: UPDATE `oa_users` SET `user_login`='admin',`user_pass`='d30ef5b035378f9bc42b0689c2375723ed7f31aa64990b97',`user_realname`='admin',`user_email`='admin@abc.com',`idcard`='',`avatar`=NULL,`sex`='0',`acc_province`='0',`acc_city`='0',`acc_address`='',`departmentid`='0',`positionid`='0',`level`='0',`temporary`='0',`ispart`='',`payroll_try`=NULL,`payroll`=NULL,`entrydate`='0000-00-00',`reference`='',`education`='',`school`='',`specialty`='',`mobile`='',`last_login_ip`='127.0.0.1',`last_login_time`='1436144392',`create_time`='2015-02-26',`bank_address`='',`bank_user`=NULL,`bank_num`=NULL,`user_status`='E',`age`='0',`hyd_name`='',`hyd_id`='0',`user_type`='1' WHERE `id` = 1 [ RunTime:0.0000s ]

[ 2015-07-06T08:59:59+08:00 ] 127.0.0.1 /index.php?g=Admin&m=User&a=index&menuid=149
NOTIC: D方法实例化没找到模型类Common\Model\AuthUserModel

[ 2015-07-06T09:00:06+08:00 ] 127.0.0.1 /index.php?g=&m=User&a=index
NOTIC: D方法实例化没找到模型类Common\Model\AuthUserModel

[ 2015-07-06T09:00:15+08:00 ] 127.0.0.1 /index.php?g=&m=public&a=dologin
INFO: [ app_begin ] --START--
INFO: Run Behavior\ReadHtmlCacheBehavior [ RunTime:0.000000s ]
INFO: Run Behavior\CheckLangBehavior [ RunTime:0.001000s ]
INFO: [ app_begin ] --END-- [ RunTime:0.002000s ]
NOTIC: [8] A session had already been started - ignoring session_start() D:\WWW\oa\simplewind\Core\Common\functions.php 第 1261 行.
SQL: SHOW COLUMNS FROM `oa_users` [ RunTime:0.0030s ]
SQL: SELECT * FROM `oa_users` WHERE `user_login` = '18663161789' AND ( `user_status` <> 'E11' AND `user_status` <> 'E21' AND `user_status` <> 'E3'  ) LIMIT 1   [ RunTime:0.0010s ]
NOTIC: D方法实例化没找到模型类Common\Model\RoleUserModel
SQL: SHOW COLUMNS FROM `oa_role_user` [ RunTime:0.0020s ]
SQL: UPDATE `oa_users` SET `user_login`='18663161789',`user_pass`='d30ef5b03537421bc1da4441cdd6de9049f2e43b53910b97',`user_realname`='白毅',`user_email`='',`idcard`='',`avatar`=NULL,`sex`='1',`acc_province`='',`acc_city`='',`acc_address`='',`departmentid`='26',`positionid`='35',`level`='2',`temporary`='2',`ispart`='',`payroll_try`=NULL,`payroll`=NULL,`entrydate`='2014-09-01',`reference`='',`education`='',`school`='',`specialty`='',`mobile`='',`last_login_ip`='127.0.0.1',`last_login_time`='1436144415',`create_time`='',`bank_address`='',`bank_user`=NULL,`bank_num`=NULL,`user_status`='E',`age`='0',`hyd_name`='白易',`hyd_id`='4473',`user_type`='2' WHERE `id` = 81 [ RunTime:0.0000s ]

[ 2015-07-06T15:02:19+08:00 ] 127.0.0.1 /index.php?g=&m=Achievements&a=index
ERR: SQLSTATE[42S22]: Column not found: 1054 Unknown column 'us.departmentid' in 'where clause'

[ 2015-07-06T15:03:18+08:00 ] 127.0.0.1 /index.php?g=&m=public&a=dologin
INFO: [ app_begin ] --START--
INFO: Run Behavior\ReadHtmlCacheBehavior [ RunTime:0.000000s ]
INFO: Run Behavior\CheckLangBehavior [ RunTime:0.001000s ]
INFO: [ app_begin ] --END-- [ RunTime:0.002000s ]
NOTIC: [8] A session had already been started - ignoring session_start() D:\WWW\oa\simplewind\Core\Common\functions.php 第 1261 行.
SQL: SHOW COLUMNS FROM `oa_users` [ RunTime:0.0040s ]
SQL: SELECT * FROM `oa_users` WHERE `user_login` = '13206465669' AND ( `user_status` <> 'E11' AND `user_status` <> 'E21' AND `user_status` <> 'E3'  ) LIMIT 1   [ RunTime:0.0010s ]
NOTIC: D方法实例化没找到模型类Common\Model\RoleUserModel
SQL: SHOW COLUMNS FROM `oa_role_user` [ RunTime:0.0030s ]
SQL: UPDATE `oa_users` SET `user_login`='13206465669',`user_pass`='d30ef5b03537e0db4d9642a234c58b585ab902c6fb010b97',`user_realname`='黄辉',`user_email`='',`idcard`='372925198605037518',`avatar`=NULL,`sex`='1',`acc_province`='',`acc_city`='',`acc_address`='',`departmentid`='23',`positionid`='24',`level`='2',`temporary`='2',`ispart`='',`payroll_try`=NULL,`payroll`=NULL,`entrydate`='2014-08-25',`reference`='',`education`='',`school`='',`specialty`='',`mobile`='',`last_login_ip`='127.0.0.1',`last_login_time`='1436166198',`create_time`='',`bank_address`='',`bank_user`=NULL,`bank_num`=NULL,`user_status`='E',`age`='0',`hyd_name`='idhuanghui',`hyd_id`='18714',`user_type`='2' WHERE `id` = 121 [ RunTime:0.0010s ]

[ 2015-07-06T15:03:32+08:00 ] 127.0.0.1 /index.php?g=Admin&m=Menu&a=index&menuid=100
NOTIC: D方法实例化没找到模型类Common\Model\AuthRuleModel

[ 2015-07-06T15:03:37+08:00 ] 127.0.0.1 /index.php?g=&m=Rbac&a=authorize&id=9
NOTIC: D方法实例化没找到模型类Common\Model\AuthAccessModel

[ 2015-07-06T15:04:08+08:00 ] 127.0.0.1 /index.php?g=&m=Rbac&a=authorize_post
INFO: [ app_begin ] --START--
INFO: Run Behavior\ReadHtmlCacheBehavior [ RunTime:0.000000s ]
INFO: Run Behavior\CheckLangBehavior [ RunTime:0.002000s ]
INFO: [ app_begin ] --END-- [ RunTime:0.003000s ]
NOTIC: [8] A session had already been started - ignoring session_start() D:\WWW\oa\simplewind\Core\Common\functions.php 第 1261 行.
SQL: SHOW COLUMNS FROM `oa_users` [ RunTime:0.0030s ]
SQL: SELECT * FROM `oa_users` WHERE ( id=1 ) LIMIT 1   [ RunTime:0.0000s ]
SQL: SHOW COLUMNS FROM `oa_role` [ RunTime:0.0030s ]
NOTIC: D方法实例化没找到模型类Common\Model\AuthAccessModel
SQL: SHOW COLUMNS FROM `oa_auth_access` [ RunTime:0.0020s ]
SQL: SHOW COLUMNS FROM `oa_menu` [ RunTime:0.0030s ]
SQL: SHOW COLUMNS FROM `oa_auth_rule` [ RunTime:0.0040s ]
SQL: DELETE FROM `oa_auth_access` WHERE `role_id` = 9 AND `type` = 'admin_url' [ RunTime:0.0200s ]
SQL: SELECT `app`,`model`,`action` FROM `oa_menu` WHERE `id` = 132 LIMIT 1   [ RunTime:0.0000s ]
SQL: INSERT INTO `oa_auth_access` (`role_id`,`rule_name`,`type`) VALUES ('9','user/indexadmin/default','admin_url') [ RunTime:0.0000s ]
SQL: SELECT `app`,`model`,`action` FROM `oa_menu` WHERE `id` = 149 LIMIT 1   [ RunTime:0.0000s ]
SQL: INSERT INTO `oa_auth_access` (`role_id`,`rule_name`,`type`) VALUES ('9','admin/user/index','admin_url') [ RunTime:0.0000s ]
SQL: SELECT `app`,`model`,`action` FROM `oa_menu` WHERE `id` = 234 LIMIT 1   [ RunTime:0.0000s ]
SQL: INSERT INTO `oa_auth_access` (`role_id`,`rule_name`,`type`) VALUES ('9','admin/user/info','admin_url') [ RunTime:0.0000s ]
SQL: SELECT `app`,`model`,`action` FROM `oa_menu` WHERE `id` = 307 LIMIT 1   [ RunTime:0.0010s ]
SQL: INSERT INTO `oa_auth_access` (`role_id`,`rule_name`,`type`) VALUES ('9','admin/user/password','admin_url') [ RunTime:0.0000s ]
SQL: SELECT `app`,`model`,`action` FROM `oa_menu` WHERE `id` = 308 LIMIT 1   [ RunTime:0.0000s ]
SQL: INSERT INTO `oa_auth_access` (`role_id`,`rule_name`,`type`) VALUES ('9','admin/user/password_post','admin_url') [ RunTime:0.0000s ]
SQL: SELECT `app`,`model`,`action` FROM `oa_menu` WHERE `id` = 317 LIMIT 1   [ RunTime:0.0010s ]
SQL: INSERT INTO `oa_auth_access` (`role_id`,`rule_name`,`type`) VALUES ('9','admin/leave/applyedit','admin_url') [ RunTime:0.0000s ]
SQL: SELECT `app`,`model`,`action` FROM `oa_menu` WHERE `id` = 318 LIMIT 1   [ RunTime:0.0000s ]
SQL: INSERT INTO `oa_auth_access` (`role_id`,`rule_name`,`type`) VALUES ('9','admin/leave/applyedit_post','admin_url') [ RunTime:0.0000s ]
SQL: SELECT `app`,`model`,`action` FROM `oa_menu` WHERE `id` = 365 LIMIT 1   [ RunTime:0.0000s ]
SQL: INSERT INTO `oa_auth_access` (`role_id`,`rule_name`,`type`) VALUES ('9','admin/sales/default','admin_url') [ RunTime:0.0000s ]
SQL: SELECT `app`,`model`,`action` FROM `oa_menu` WHERE `id` = 381 LIMIT 1   [ RunTime:0.0000s ]
SQL: INSERT INTO `oa_auth_access` (`role_id`,`rule_name`,`type`) VALUES ('9','admin/countinvestment/index','admin_url') [ RunTime:0.0000s ]
SQL: SELECT `app`,`model`,`action` FROM `oa_menu` WHERE `id` = 380 LIMIT 1   [ RunTime:0.0000s ]
SQL: INSERT INTO `oa_auth_access` (`role_id`,`rule_name`,`type`) VALUES ('9','admin/countdata/index','admin_url') [ RunTime:0.0000s ]
SQL: SELECT `app`,`model`,`action` FROM `oa_menu` WHERE `id` = 368 LIMIT 1   [ RunTime:0.0000s ]
SQL: INSERT INTO `oa_auth_access` (`role_id`,`rule_name`,`type`) VALUES ('9','admin/salescount/index','admin_url') [ RunTime:0.0010s ]
SQL: SELECT `app`,`model`,`action` FROM `oa_menu` WHERE `id` = 404 LIMIT 1   [ RunTime:0.0000s ]
SQL: INSERT INTO `oa_auth_access` (`role_id`,`rule_name`,`type`) VALUES ('9','admin/achievements/index','admin_url') [ RunTime:0.0000s ]
SQL: SELECT `app`,`model`,`action` FROM `oa_menu` WHERE `id` = 374 LIMIT 1   [ RunTime:0.0000s ]
SQL: INSERT INTO `oa_auth_access` (`role_id`,`rule_name`,`type`) VALUES ('9','admin/customer/default','admin_url') [ RunTime:0.0000s ]
SQL: SELECT `app`,`model`,`action` FROM `oa_menu` WHERE `id` = 378 LIMIT 1   [ RunTime:0.0010s ]
SQL: INSERT INTO `oa_auth_access` (`role_id`,`rule_name`,`type`) VALUES ('9','admin/customerwithdrawals/index','admin_url') [ RunTime:0.0000s ]
SQL: SELECT `app`,`model`,`action` FROM `oa_menu` WHERE `id` = 330 LIMIT 1   [ RunTime:0.0000s ]
SQL: INSERT INTO `oa_auth_access` (`role_id`,`rule_name`,`type`) VALUES ('9','admin/sales/index','admin_url') [ RunTime:0.0000s ]
SQL: SELECT `app`,`model`,`action` FROM `oa_menu` WHERE `id` = 376 LIMIT 1   [ RunTime:0.0000s ]
SQL: INSERT INTO `oa_auth_access` (`role_id`,`rule_name`,`type`) VALUES ('9','admin/customerrepay/index','admin_url') [ RunTime:0.0000s ]
SQL: SELECT `app`,`model`,`action` FROM `oa_menu` WHERE `id` = 375 LIMIT 1   [ RunTime:0.0000s ]
SQL: INSERT INTO `oa_auth_access` (`role_id`,`rule_name`,`type`) VALUES ('9','admin/customerrecharge/index','admin_url') [ RunTime:0.0000s ]
SQL: SELECT `app`,`model`,`action` FROM `oa_menu` WHERE `id` = 377 LIMIT 1   [ RunTime:0.0000s ]
SQL: INSERT INTO `oa_auth_access` (`role_id`,`rule_name`,`type`) VALUES ('9','admin/customer/index','admin_url') [ RunTime:0.0000s ]

[ 2015-07-06T15:04:08+08:00 ] 127.0.0.1 /index.php?g=&m=Rbac&a=authorize&id=9
NOTIC: D方法实例化没找到模型类Common\Model\AuthAccessModel

[ 2015-07-06T15:38:19+08:00 ] 127.0.0.1 /index.php?g=Admin&m=User&a=index&menuid=149
NOTIC: D方法实例化没找到模型类Common\Model\AuthUserModel

[ 2015-07-06T15:38:22+08:00 ] 127.0.0.1 /index.php?g=&m=User&a=index
NOTIC: D方法实例化没找到模型类Common\Model\AuthUserModel

[ 2015-07-06T15:38:33+08:00 ] 127.0.0.1 /index.php?g=&m=public&a=dologin
INFO: [ app_begin ] --START--
INFO: Run Behavior\ReadHtmlCacheBehavior [ RunTime:0.001000s ]
INFO: Run Behavior\CheckLangBehavior [ RunTime:0.000000s ]
INFO: [ app_begin ] --END-- [ RunTime:0.002000s ]
NOTIC: [8] A session had already been started - ignoring session_start() D:\WWW\oa\simplewind\Core\Common\functions.php 第 1261 行.
SQL: SHOW COLUMNS FROM `oa_users` [ RunTime:0.0040s ]
SQL: SELECT * FROM `oa_users` WHERE `user_login` = '18663161789' AND ( `user_status` <> 'E11' AND `user_status` <> 'E21' AND `user_status` <> 'E3'  ) LIMIT 1   [ RunTime:0.0000s ]
NOTIC: D方法实例化没找到模型类Common\Model\RoleUserModel
SQL: SHOW COLUMNS FROM `oa_role_user` [ RunTime:0.0030s ]
SQL: UPDATE `oa_users` SET `user_login`='18663161789',`user_pass`='d30ef5b03537421bc1da4441cdd6de9049f2e43b53910b97',`user_realname`='白毅',`user_email`='',`idcard`='',`avatar`=NULL,`sex`='1',`acc_province`='',`acc_city`='',`acc_address`='',`departmentid`='26',`positionid`='35',`level`='2',`temporary`='2',`ispart`='',`payroll_try`=NULL,`payroll`=NULL,`entrydate`='2014-09-01',`reference`='',`education`='',`school`='',`specialty`='',`mobile`='',`last_login_ip`='127.0.0.1',`last_login_time`='1436168313',`create_time`='',`bank_address`='',`bank_user`=NULL,`bank_num`=NULL,`user_status`='E',`age`='0',`hyd_name`='白易',`hyd_id`='4473',`user_type`='2' WHERE `id` = 81 [ RunTime:0.0000s ]

[ 2015-07-06T16:02:28+08:00 ] 127.0.0.1 /index.php?g=&m=Achievements&a=index
ERR: SQLSTATE[42000]: Syntax error or access violation: 1064 You have an error in your SQL syntax; check the manual that corresponds to your MySQL server version for the right syntax to use near 'as successtime LEFT JOIN oa_task_discount_detail tdd on tdd.discountid = tk.disn' at line 1

[ 2015-07-06T16:03:01+08:00 ] 127.0.0.1 /index.php?g=&m=Achievements&a=index
ERR: SQLSTATE[42000]: Syntax error or access violation: 1064 You have an error in your SQL syntax; check the manual that corresponds to your MySQL server version for the right syntax to use near 'as successtime LEFT JOIN oa_task_discount_detail tdd on tdd.discountid = tk.disn' at line 1

[ 2015-07-06T16:04:08+08:00 ] 127.0.0.1 /index.php?g=&m=Achievements&a=index
ERR: SQLSTATE[42000]: Syntax error or access violation: 1064 You have an error in your SQL syntax; check the manual that corresponds to your MySQL server version for the right syntax to use near 'as successtime LEFT JOIN oa_task_discount_detail tdd on tdd.discountid = tk.disn' at line 1

[ 2015-07-06T16:05:11+08:00 ] 127.0.0.1 /index.php?g=&m=Achievements&a=index
ERR: SQLSTATE[42S22]: Column not found: 1054 Unknown column 'successtime' in 'on clause'

[ 2015-07-06T16:05:30+08:00 ] 127.0.0.1 /index.php?g=&m=Achievements&a=index
ERR: SQLSTATE[42S22]: Column not found: 1054 Unknown column 'hi.successtime' in 'on clause'

[ 2015-07-06T16:06:03+08:00 ] 127.0.0.1 /index.php?g=&m=Achievements&a=index
ERR: SQLSTATE[42S22]: Column not found: 1054 Unknown column 'hi.successtime' in 'on clause'

[ 2015-07-06T17:00:32+08:00 ] 127.0.0.1 /index.php?g=&m=Achievements&a=index
ERR: SQLSTATE[23000]: Integrity constraint violation: 1052 Column 'tasknum' in where clause is ambiguous

[ 2015-07-06T17:00:39+08:00 ] 127.0.0.1 /index.php?g=&m=Achievements&a=index
ERR: SQLSTATE[23000]: Integrity constraint violation: 1052 Column 'tasknum' in where clause is ambiguous

[ 2015-07-06T17:11:34+08:00 ] 127.0.0.1 /index.php?g=&m=Achievements&a=index
ERR: SQLSTATE[23000]: Integrity constraint violation: 1052 Column 'tasknum' in where clause is ambiguous

[ 2015-07-06T17:12:24+08:00 ] 127.0.0.1 /index.php?g=&m=Achievements&a=index
ERR: SQLSTATE[23000]: Integrity constraint violation: 1052 Column 'tasknum' in where clause is ambiguous

